2024-08-15 23:39:25,272 INFO c.e.d.c.CartControllerTest [main] Setup called
2024-08-15 23:39:25,367 INFO c.e.d.c.CartControllerTest [main] Setup called
2024-08-15 23:39:25,425 INFO o.s.t.c.s.AbstractTestContextBootstrapper [main] Neither @ContextConfiguration nor @ContextHierarchy found for test class [com.example.demo.SareetaApplicationTests], using SpringBootContextLoader
2024-08-15 23:39:25,429 INFO o.s.t.c.s.AbstractContextLoader [main] Could not detect default resource locations for test class [com.example.demo.SareetaApplicationTests]: no resource found for suffixes {-context.xml, Context.groovy}.
2024-08-15 23:39:25,430 INFO o.s.t.c.s.AnnotationConfigContextLoaderUtils [main] Could not detect default configuration classes for test class [com.example.demo.SareetaApplicationTests]: SareetaApplicationTests does not declare any static, non-private, non-final, nested classes annotated with @Configuration.
2024-08-15 23:39:25,523 INFO o.s.b.t.c.SpringBootTestContextBootstrapper [main] Found @SpringBootConfiguration com.example.demo.SareetaApplication for test class com.example.demo.SareetaApplicationTests
2024-08-15 23:39:25,605 INFO o.s.t.c.s.AbstractTestContextBootstrapper [main] Loaded default TestExecutionListener class names from location [META-INF/spring.factories]: [org.springframework.boot.test.mock.mockito.MockitoTestExecutionListener, org.springframework.boot.test.mock.mockito.ResetMocksTestExecutionListener, org.springframework.boot.test.autoconfigure.restdocs.RestDocsTestExecutionListener, org.springframework.boot.test.autoconfigure.web.client.MockRestServiceServerResetTestExecutionListener, org.springframework.boot.test.autoconfigure.web.servlet.MockMvcPrintOnlyOnFailureTestExecutionListener, org.springframework.boot.test.autoconfigure.web.servlet.WebDriverTestExecutionListener, org.springframework.test.context.web.ServletTestExecutionListener, org.springframework.test.context.support.DirtiesContextBeforeModesTestExecutionListener, org.springframework.test.context.support.DependencyInjectionTestExecutionListener, org.springframework.test.context.support.DirtiesContextTestExecutionListener, org.springframework.test.context.transaction.TransactionalTestExecutionListener, org.springframework.test.context.jdbc.SqlScriptsTestExecutionListener, org.springframework.security.test.context.support.WithSecurityContextTestExecutionListener, org.springframework.security.test.context.support.ReactorContextTestExecutionListener]
2024-08-15 23:39:25,624 INFO o.s.t.c.s.AbstractTestContextBootstrapper [main] Using TestExecutionListeners: [org.springframework.test.context.web.ServletTestExecutionListener@28c86134, org.springframework.test.context.support.DirtiesContextBeforeModesTestExecutionListener@4492eede, org.springframework.boot.test.mock.mockito.MockitoTestExecutionListener@cbc8d0f, org.springframework.boot.test.autoconfigure.SpringBootDependencyInjectionTestExecutionListener@37b57b54, org.springframework.test.context.support.DirtiesContextTestExecutionListener@5c1f6d57, org.springframework.test.context.transaction.TransactionalTestExecutionListener@f288c14, org.springframework.test.context.jdbc.SqlScriptsTestExecutionListener@6794ac0b, org.springframework.security.test.context.support.WithSecurityContextTestExecutionListener@7be71476, org.springframework.security.test.context.support.ReactorContextTestExecutionListener@5cb5bb88, org.springframework.boot.test.mock.mockito.ResetMocksTestExecutionListener@17b6d426, org.springframework.boot.test.autoconfigure.restdocs.RestDocsTestExecutionListener@5580d62f, org.springframework.boot.test.autoconfigure.web.client.MockRestServiceServerResetTestExecutionListener@16872c4d, org.springframework.boot.test.autoconfigure.web.servlet.MockMvcPrintOnlyOnFailureTestExecutionListener@671facee, org.springframework.boot.test.autoconfigure.web.servlet.WebDriverTestExecutionListener@46a953cf]
2024-08-15 23:39:25,896 INFO o.s.b.StartupInfoLogger [main] Starting SareetaApplicationTests on DESKTOP-MUJJ2M7 with PID 21740 (started by AD in E:\Udacity\EcommerceApp\starter_code)
2024-08-15 23:39:25,897 INFO o.s.b.SpringApplication [main] No active profile set, falling back to default profiles: default
2024-08-15 23:39:26,551 INFO o.s.d.r.c.RepositoryConfigurationDelegate [main] Bootstrapping Spring Data repositories in DEFAULT mode.
2024-08-15 23:39:26,620 INFO o.s.d.r.c.RepositoryConfigurationDelegate [main] Finished Spring Data repository scanning in 60ms. Found 4 repository interfaces.
2024-08-15 23:39:27,317 INFO o.s.c.s.PostProcessorRegistrationDelegate$BeanPostProcessorChecker [main] Bean 'org.springframework.transaction.annotation.ProxyTransactionManagementConfiguration' of type [org.springframework.transaction.annotation.ProxyTransactionManagementConfiguration$$EnhancerBySpringCGLIB$$6d33a845] is not eligible for getting processed by all BeanPostProcessors (for example: not eligible for auto-proxying)
2024-08-15 23:39:27,592 INFO c.z.h.HikariDataSource [main] HikariPool-1 - Starting...
2024-08-15 23:39:27,763 INFO c.z.h.HikariDataSource [main] HikariPool-1 - Start completed.
2024-08-15 23:39:27,886 INFO o.h.j.i.u.LogHelper [main] HHH000204: Processing PersistenceUnitInfo [
	name: default
	...]
2024-08-15 23:39:28,010 INFO o.h.Version [main] HHH000412: Hibernate Core {5.3.10.Final}
2024-08-15 23:39:28,012 INFO o.h.c.Environment [main] HHH000206: hibernate.properties not found
2024-08-15 23:39:28,080 INFO o.h.a.c.r.j.JavaReflectionManager [main] HCANN000001: Hibernate Commons Annotations {5.0.4.Final}
2024-08-15 23:39:28,281 INFO o.h.d.Dialect [main] HHH000400: Using dialect: org.hibernate.dialect.H2Dialect
2024-08-15 23:39:28,962 INFO o.s.o.j.AbstractEntityManagerFactoryBean [main] Initialized JPA EntityManagerFactory for persistence unit 'default'
2024-08-15 23:39:29,752 WARN o.s.b.a.o.j.JpaBaseConfiguration$JpaWebConfiguration$JpaWebMvcConfiguration [main] spring.jpa.open-in-view is enabled by default. Therefore, database queries may be performed during view rendering. Explicitly configure spring.jpa.open-in-view to disable this warning
2024-08-15 23:39:29,888 INFO o.s.s.w.DefaultSecurityFilterChain [main] Creating filter chain: any request, [org.springframework.security.web.context.request.async.WebAsyncManagerIntegrationFilter@646ddc20, org.springframework.security.web.context.SecurityContextPersistenceFilter@2d94279f, org.springframework.security.web.header.HeaderWriterFilter@58c16efd, org.springframework.web.filter.CorsFilter@22561412, org.springframework.security.web.authentication.logout.LogoutFilter@346a2799, com.example.demo.security.JWTAuthenticationFilter@32153bbe, com.example.demo.security.JWTAuthenticationVerficationFilter@4806fbf7, org.springframework.security.web.savedrequest.RequestCacheAwareFilter@51b11186, org.springframework.security.web.servletapi.SecurityContextHolderAwareRequestFilter@1b901f7b, org.springframework.security.web.authentication.AnonymousAuthenticationFilter@4280b20b, org.springframework.security.web.session.SessionManagementFilter@64f49b3, org.springframework.security.web.access.ExceptionTranslationFilter@56887c8f, org.springframework.security.web.access.intercept.FilterSecurityInterceptor@6632eb19]
2024-08-15 23:39:30,342 INFO o.s.s.c.ExecutorConfigurationSupport [main] Initializing ExecutorService 'applicationTaskExecutor'
2024-08-15 23:39:30,622 INFO o.s.b.StartupInfoLogger [main] Started SareetaApplicationTests in 4.963 seconds (JVM running for 6.769)
2024-08-15 23:39:30,654 INFO o.s.s.c.ExecutorConfigurationSupport [Thread-2] Shutting down ExecutorService 'applicationTaskExecutor'
2024-08-15 23:39:30,655 INFO o.s.o.j.AbstractEntityManagerFactoryBean [Thread-2] Closing JPA EntityManagerFactory for persistence unit 'default'
2024-08-15 23:39:30,657 INFO c.z.h.HikariDataSource [Thread-2] HikariPool-1 - Shutdown initiated...
2024-08-15 23:39:30,661 INFO c.z.h.HikariDataSource [Thread-2] HikariPool-1 - Shutdown completed.
