2024-08-18T06:17:52.107+0700 INFO Starting SareetaApplication on DESKTOP-MUJJ2M7 with PID 31008 (E:\Udacity\EcommerceApp\starter_code\target\classes started by AD in E:\Udacity\EcommerceApp\starter_code)
2024-08-18T06:17:52.115+0700 DEBUG Running with Spring Boot v2.1.5.RELEASE, Spring v5.1.7.RELEASE
2024-08-18T06:17:52.116+0700 INFO No active profile set, falling back to default profiles: default
2024-08-18T06:17:53.747+0700 INFO Initializing ProtocolHandler ["http-nio-8080"]
2024-08-18T06:17:53.760+0700 INFO Starting service [Tomcat]
2024-08-18T06:17:53.761+0700 INFO Starting Servlet engine: [Apache Tomcat/9.0.19]
2024-08-18T06:17:53.912+0700 INFO Initializing Spring embedded WebApplicationContext
2024-08-18T06:17:54.096+0700 INFO HikariPool-1 - Starting...
2024-08-18T06:17:54.247+0700 INFO HikariPool-1 - Start completed.
2024-08-18T06:17:54.309+0700 INFO HHH000204: Processing PersistenceUnitInfo [
	name: default
	...]
2024-08-18T06:17:54.381+0700 INFO HHH000412: Hibernate Core {5.3.10.Final}
2024-08-18T06:17:54.383+0700 INFO HHH000206: hibernate.properties not found
2024-08-18T06:17:54.521+0700 INFO HCANN000001: Hibernate Commons Annotations {5.0.4.Final}
2024-08-18T06:17:54.675+0700 INFO HHH000400: Using dialect: org.hibernate.dialect.H2Dialect
2024-08-18T06:17:55.872+0700 DEBUG Filter 'JWTAuthenticationVerficationFilter' configured for use
2024-08-18T06:17:56.501+0700 INFO Starting ProtocolHandler ["http-nio-8080"]
2024-08-18T06:17:56.603+0700 INFO Started SareetaApplication in 4.914 seconds (JVM running for 6.193)
2024-08-18T06:17:56.605+0700 INFO Ecommerce Application Started
2024-08-18T06:18:21.428+0700 ERROR Did not find user with username, test.
2024-08-18T06:18:21.437+0700 ERROR User test Not Created because of invalid password
2024-08-18T06:18:21.439+0700 INFO Found user with username, test.
2024-08-18T06:18:21.442+0700 INFO Created user with username, test.
2024-08-18T06:18:21.444+0700 ERROR User test Not Created because of invalid password
2024-08-18T06:18:21.446+0700 ERROR User test Not Created because of invalid password
2024-08-18T06:18:21.462+0700 INFO Setup called
2024-08-18T06:18:21.463+0700 ERROR No user found can't delete from cart.
2024-08-18T06:18:21.465+0700 INFO Setup called
2024-08-18T06:18:21.466+0700 ERROR No items found can't add to cart.
2024-08-18T06:18:21.467+0700 INFO Setup called
2024-08-18T06:18:21.471+0700 INFO Setup called
2024-08-18T06:18:21.473+0700 INFO Add to cart successful.
2024-08-18T06:18:21.475+0700 INFO Setup called
2024-08-18T06:18:21.476+0700 ERROR No items found can't delete from cart.
2024-08-18T06:18:21.477+0700 INFO Setup called
2024-08-18T06:18:21.477+0700 ERROR No user found can't add to cart. 
2024-08-18T06:18:21.510+0700 INFO Order submitted
2024-08-18T06:18:21.531+0700 INFO Found orders for user
2024-08-18T06:18:21.534+0700 ERROR No user found can't get orders for user
2024-08-18T06:18:21.536+0700 ERROR No user found can't submit order
2024-08-18T06:18:26.754+0700 ERROR Did not find user with username, test.
2024-08-18T06:18:26.759+0700 ERROR User test Not Created because of invalid password
2024-08-18T06:18:26.761+0700 INFO Found user with username, test.
2024-08-18T06:18:26.765+0700 INFO Created user with username, test.
2024-08-18T06:18:26.767+0700 ERROR User test Not Created because of invalid password
2024-08-18T06:18:26.769+0700 ERROR User test Not Created because of invalid password
2024-08-18T06:18:26.783+0700 INFO Setup called
2024-08-18T06:18:26.784+0700 ERROR No user found can't delete from cart.
2024-08-18T06:18:26.786+0700 INFO Setup called
2024-08-18T06:18:26.787+0700 ERROR No items found can't add to cart.
2024-08-18T06:18:26.788+0700 INFO Setup called
2024-08-18T06:18:26.790+0700 INFO Setup called
2024-08-18T06:18:26.791+0700 INFO Add to cart successful.
2024-08-18T06:18:26.792+0700 INFO Setup called
2024-08-18T06:18:26.793+0700 ERROR No items found can't delete from cart.
2024-08-18T06:18:26.793+0700 INFO Setup called
2024-08-18T06:18:26.794+0700 ERROR No user found can't add to cart. 
2024-08-18T06:18:26.827+0700 INFO Order submitted
2024-08-18T06:18:26.848+0700 INFO Found orders for user
2024-08-18T06:18:26.850+0700 ERROR No user found can't get orders for user
2024-08-18T06:18:26.851+0700 ERROR No user found can't submit order
2024-08-18T06:18:31.813+0700 ERROR Did not find user with username, test.
2024-08-18T06:18:31.823+0700 ERROR User test Not Created because of invalid password
2024-08-18T06:18:31.825+0700 INFO Found user with username, test.
2024-08-18T06:18:31.828+0700 INFO Created user with username, test.
2024-08-18T06:18:31.831+0700 ERROR User test Not Created because of invalid password
2024-08-18T06:18:31.833+0700 ERROR User test Not Created because of invalid password
2024-08-18T06:18:31.853+0700 INFO Setup called
2024-08-18T06:18:31.854+0700 ERROR No user found can't delete from cart.
2024-08-18T06:18:31.855+0700 INFO Setup called
2024-08-18T06:18:31.856+0700 ERROR No items found can't add to cart.
2024-08-18T06:18:31.858+0700 INFO Setup called
2024-08-18T06:18:31.861+0700 INFO Setup called
2024-08-18T06:18:31.863+0700 INFO Add to cart successful.
2024-08-18T06:18:31.866+0700 INFO Setup called
2024-08-18T06:18:31.867+0700 ERROR No items found can't delete from cart.
2024-08-18T06:18:31.868+0700 INFO Setup called
2024-08-18T06:18:31.869+0700 ERROR No user found can't add to cart. 
2024-08-18T06:18:31.912+0700 INFO Order submitted
2024-08-18T06:18:31.937+0700 INFO Found orders for user
2024-08-18T06:18:31.938+0700 ERROR No user found can't get orders for user
2024-08-18T06:18:31.940+0700 ERROR No user found can't submit order
2024-08-18T06:18:37.597+0700 ERROR Did not find user with username, test.
2024-08-18T06:18:37.604+0700 ERROR User test Not Created because of invalid password
2024-08-18T06:18:37.608+0700 INFO Found user with username, test.
2024-08-18T06:18:37.611+0700 INFO Created user with username, test.
2024-08-18T06:18:37.613+0700 ERROR User test Not Created because of invalid password
2024-08-18T06:18:37.615+0700 ERROR User test Not Created because of invalid password
2024-08-18T06:18:37.630+0700 INFO Setup called
2024-08-18T06:18:37.631+0700 ERROR No user found can't delete from cart.
2024-08-18T06:18:37.632+0700 INFO Setup called
2024-08-18T06:18:37.634+0700 ERROR No items found can't add to cart.
2024-08-18T06:18:37.635+0700 INFO Setup called
2024-08-18T06:18:37.639+0700 INFO Setup called
2024-08-18T06:18:37.640+0700 INFO Add to cart successful.
2024-08-18T06:18:37.642+0700 INFO Setup called
2024-08-18T06:18:37.643+0700 ERROR No items found can't delete from cart.
2024-08-18T06:18:37.644+0700 INFO Setup called
2024-08-18T06:18:37.644+0700 ERROR No user found can't add to cart. 
2024-08-18T06:18:37.674+0700 INFO Order submitted
2024-08-18T06:18:37.698+0700 INFO Found orders for user
2024-08-18T06:18:37.700+0700 ERROR No user found can't get orders for user
2024-08-18T06:18:37.701+0700 ERROR No user found can't submit order
2024-08-18T06:33:01.580+0700 INFO HikariPool-1 - Shutdown initiated...
2024-08-18T06:33:01.582+0700 INFO HikariPool-1 - Shutdown completed.
2024-08-18T06:36:31.835+0700 ERROR Did not find user with username, test.
2024-08-18T06:36:31.851+0700 ERROR User test Not Created because of invalid password
2024-08-18T06:36:31.854+0700 INFO Found user with username, test.
2024-08-18T06:36:31.860+0700 INFO Created user with username, test.
2024-08-18T06:36:31.863+0700 ERROR User test Not Created because of invalid password
2024-08-18T06:36:31.866+0700 ERROR User test Not Created because of invalid password
2024-08-18T06:36:31.907+0700 INFO Setup called
2024-08-18T06:36:31.908+0700 ERROR No user found can't delete from cart.
2024-08-18T06:36:31.912+0700 INFO Setup called
2024-08-18T06:36:31.914+0700 ERROR No items found can't add to cart.
2024-08-18T06:36:31.915+0700 INFO Setup called
2024-08-18T06:36:31.920+0700 INFO Setup called
2024-08-18T06:36:31.923+0700 INFO Add to cart successful.
2024-08-18T06:36:31.925+0700 INFO Setup called
2024-08-18T06:36:31.927+0700 ERROR No items found can't delete from cart.
2024-08-18T06:36:31.929+0700 INFO Setup called
2024-08-18T06:36:31.931+0700 ERROR No user found can't add to cart. 
2024-08-18T06:36:31.993+0700 INFO Order submitted
2024-08-18T06:36:32.069+0700 INFO Found orders for user
2024-08-18T06:36:32.072+0700 ERROR No user found can't get orders for user
2024-08-18T06:36:32.075+0700 ERROR No user found can't submit order
